c:\users\hjang\downloads\guilabyrinthproject\guilabyr.d98695fa\x64\debug\vc145.pdb
c:\users\hjang\downloads\guilabyrinthproject\guilabyr.d98695fa\x64\debug\.netframework,version=v4.7.2.assemblyattributes.obj
c:\users\hjang\downloads\guilabyrinthproject\guilabyr.d98695fa\x64\debug\weapon.obj
c:\users\hjang\downloads\guilabyrinthproject\guilabyr.d98695fa\x64\debug\testfunctions.obj
c:\users\hjang\downloads\guilabyrinthproject\guilabyr.d98695fa\x64\debug\randomutil.obj
c:\users\hjang\downloads\guilabyrinthproject\guilabyr.d98695fa\x64\debug\player.obj
c:\users\hjang\downloads\guilabyrinthproject\guilabyr.d98695fa\x64\debug\maze.obj
c:\users\hjang\downloads\guilabyrinthproject\guilabyr.d98695fa\x64\debug\map.obj
c:\users\hjang\downloads\guilabyrinthproject\guilabyr.d98695fa\x64\debug\mainstart.obj
c:\users\hjang\downloads\guilabyrinthproject\guilabyr.d98695fa\x64\debug\item.obj
c:\users\hjang\downloads\guilabyrinthproject\guilabyr.d98695fa\x64\debug\inventory.obj
c:\users\hjang\downloads\guilabyrinthproject\guilabyr.d98695fa\x64\debug\enemy.obj
c:\users\hjang\downloads\guilabyrinthproject\guilabyr.d98695fa\x64\debug\armor.obj
c:\users\hjang\downloads\guilabyrinthproject\guilabyr.d98695fa\x64\debug\guilabyrinthproject.vcxproj.assemblyreference.cache
c:\users\hjang\downloads\guilabyrinthproject\x64\debug\guilabyrinthproject.exe
c:\users\hjang\downloads\guilabyrinthproject\guilabyr.d98695fa\x64\debug\guilabyr.d98695fa.tlog\cl.command.1.tlog
c:\users\hjang\downloads\guilabyrinthproject\guilabyr.d98695fa\x64\debug\guilabyr.d98695fa.tlog\cl.read.1.tlog
c:\users\hjang\downloads\guilabyrinthproject\guilabyr.d98695fa\x64\debug\guilabyr.d98695fa.tlog\cl.write.1.tlog
c:\users\hjang\downloads\guilabyrinthproject\guilabyr.d98695fa\x64\debug\guilabyr.d98695fa.tlog\link.command.1.tlog
c:\users\hjang\downloads\guilabyrinthproject\guilabyr.d98695fa\x64\debug\guilabyr.d98695fa.tlog\link.read.1.tlog
c:\users\hjang\downloads\guilabyrinthproject\guilabyr.d98695fa\x64\debug\guilabyr.d98695fa.tlog\link.write.1.tlog
c:\users\hjang\downloads\guilabyrinthproject\guilabyr.d98695fa\x64\debug\guilabyr.d98695fa.tlog\metagen.read.1.tlog
c:\users\hjang\downloads\guilabyrinthproject\guilabyr.d98695fa\x64\debug\guilabyr.d98695fa.tlog\metagen.write.1.tlog
